<?xml version="1.0" encoding="UTF-8"?>
<!-- Generated by org.testng.reporters.JUnitReportReporter -->
<testsuite hostname="Ryuki33" failures="0" tests="1" name="demo.RecorderDemo" time="5.604" errors="0" timestamp="2023-12-31T14:32:40 NZDT" skipped="0">
  <testcase classname="demo.RecorderDemo" name="testRecorderDemo" time="5.604"/>
</testsuite> <!-- demo.RecorderDemo -->
