<?xml version="1.0" encoding="UTF-8"?>
<!-- Generated by org.testng.reporters.JUnitReportReporter -->
<testsuite hostname="Ryuki33" failures="0" tests="1" name="test.TestNG_Demo" time="7.786" errors="0" timestamp="2023-12-29T18:16:41 NZDT" skipped="0">
  <testcase classname="test.TestNG_Demo" name="googleSearch" time="7.786"/>
</testsuite> <!-- test.TestNG_Demo -->
