<?xml version="1.0" encoding="UTF-8"?>
<!-- Generated by org.testng.reporters.JUnitReportReporter -->
<testsuite hostname="Ryuki33" failures="0" tests="4" name="demo.TestNGGroupsDemo" time="0.007" errors="0" timestamp="2023-12-29T14:19:31 NZDT" skipped="0">
  <testcase classname="demo.TestNGGroupsDemo" name="test1" time="0.005"/>
  <testcase classname="demo.TestNGGroupsDemo" name="test2" time="0.001"/>
  <testcase classname="demo.TestNGGroupsDemo" name="test4" time="0.001"/>
  <testcase classname="demo.TestNGGroupsDemo" name="test3" time="0.000"/>
</testsuite> <!-- demo.TestNGGroupsDemo -->
