<?xml version="1.0" encoding="UTF-8"?>
<!-- Generated by org.testng.reporters.JUnitReportReporter -->
<testsuite hostname="Ryuki33" failures="0" tests="3" name="demo.TestNGDependencyDemo" time="0.007" errors="0" timestamp="2023-12-31T12:26:23 NZDT" skipped="0">
  <testcase classname="demo.TestNGDependencyDemo" name="test3" time="0.001"/>
  <testcase classname="demo.TestNGDependencyDemo" name="test2" time="0.005"/>
  <testcase classname="demo.TestNGDependencyDemo" name="test1" time="0.001"/>
</testsuite> <!-- demo.TestNGDependencyDemo -->
