<?xml version="1.0" encoding="UTF-8"?>
<!-- Generated by org.testng.reporters.JUnitReportReporter -->
<testsuite hostname="Ryuki33" failures="0" tests="2" name="demo.TestNGIgnoreDemo" time="0.006" errors="0" timestamp="2023-12-31T12:35:48 NZDT" skipped="1">
  <testcase classname="demo.TestNGIgnoreDemo" name="test2" time="0.006"/>
  <testcase classname="demo.TestNGIgnoreDemo" name="test1">
    <skipped/>
  </testcase> <!-- test1 -->
</testsuite> <!-- demo.TestNGIgnoreDemo -->
