<?xml version="1.0" encoding="UTF-8"?>
<!-- Generated by org.testng.reporters.JUnitReportReporter -->
<testsuite hostname="Ryuki33" failures="0" tests="1" name="test.TestNG_Demo2" time="7.621" errors="0" timestamp="2023-12-25T16:33:26 NZDT" skipped="0">
  <testcase classname="test.TestNG_Demo2" name="googleSearch3" time="7.621"/>
</testsuite> <!-- test.TestNG_Demo2 -->
