<?xml version="1.0" encoding="UTF-8"?>
<!-- Generated by org.testng.reporters.JUnitReportReporter -->
<testsuite hostname="Ryuki33" failures="0" tests="3" name="demo.TestNGPriorityDemo" time="0.007" errors="0" timestamp="2023-12-29T12:38:27 NZDT" skipped="0">
  <testcase classname="demo.TestNGPriorityDemo" name="onetest" time="0.005"/>
  <testcase classname="demo.TestNGPriorityDemo" name="threetest" time="0.001"/>
  <testcase classname="demo.TestNGPriorityDemo" name="twotest" time="0.001"/>
</testsuite> <!-- demo.TestNGPriorityDemo -->
