<?xml version="1.0" encoding="UTF-8"?>
<!-- Generated by org.testng.reporters.JUnitReportReporter -->
<testsuite hostname="Ryuki33" failures="0" tests="2" name="test.ExtentReportsDemoTestNG" time="8.860" errors="0" timestamp="2023-12-24T00:41:19 NZDT" skipped="0">
  <testcase classname="test.ExtentReportsDemoTestNG" name="test1" time="7.574"/>
  <testcase classname="test.ExtentReportsDemoTestNG" name="test2" time="1.286"/>
</testsuite> <!-- test.ExtentReportsDemoTestNG -->
