<?xml version="1.0" encoding="UTF-8"?>
<!-- Generated by org.testng.reporters.JUnitReportReporter -->
<testsuite hostname="Ryuki33" failures="0" tests="2" name="utils.ExcelDataProvider" time="10.460" errors="0" timestamp="2023-12-28T13:48:23 NZDT" skipped="0">
  <testcase classname="utils.ExcelDataProvider" name="test1" time="7.377"/>
  <testcase classname="utils.ExcelDataProvider" name="test1" time="3.083"/>
</testsuite> <!-- utils.ExcelDataProvider -->
