<?xml version="1.0" encoding="UTF-8"?>
<!-- Generated by org.testng.reporters.JUnitReportReporter -->
<testsuite hostname="Ryuki33" failures="0" tests="1" name="demo.TestNGParametersDemo" time="0.005" errors="0" timestamp="2023-12-29T16:45:11 NZDT" skipped="0">
  <testcase classname="demo.TestNGParametersDemo" name="test" time="0.005"/>
</testsuite> <!-- demo.TestNGParametersDemo -->
